<?xml version="1.0" encoding="UTF-8"?>
<!-- Generated by org.testng.reporters.JUnitXMLReporter -->
<testsuite hostname="Akash-PC" name="Tricentis Test Cases" tests="1" failures="1" timestamp="2 Jul 2020 05:09:50 GMT" time="25.593" errors="0">
  <testcase name="VerifyTitleAndPrice" time="0.065" classname="com.qa.testcases.ShoppingCartPageTest">
    <failure type="java.lang.AssertionError" message="expected [Build your own cheap computer] but found [Build your own expensive computer]">
      <![CDATA[java.lang.AssertionError: expected [Build your own cheap computer] but found [Build your own expensive computer]
	at com.qa.testcases.ShoppingCartPageTest.VerifyTitleAndPrice(ShoppingCartPageTest.java:49)
... Removed 30 stack frames]]>
    </failure>
  </testcase> <!-- VerifyTitleAndPrice -->
</testsuite> <!-- Tricentis Test Cases -->
