<?xml version="1.0" encoding="UTF-8"?>
<testng-results skipped="0" failed="0" total="1" passed="1">
  <reporter-output>
  </reporter-output>
  <suite name="Tricentis Test Automation Test Suite" duration-ms="42776" started-at="2020-06-30T05:22:39Z" finished-at="2020-06-30T05:23:22Z">
    <groups>
    </groups>
    <test name="Tricentis Test Cases" duration-ms="42776" started-at="2020-06-30T05:22:39Z" finished-at="2020-06-30T05:23:22Z">
      <class name="com.qa.testcases.ShoppingCartPageTest">
        <test-method status="PASS" signature="setUp()[pri:0, instance:com.qa.testcases.ShoppingCartPageTest@511baa65]" name="setUp" is-config="true" duration-ms="41179" started-at="2020-06-30T10:52:41Z" finished-at="2020-06-30T10:53:22Z">
          <reporter-output>
          </reporter-output>
        </test-method> <!-- setUp -->
        <test-method status="PASS" signature="VerifyTitleAndPrice(java.lang.String)[pri:0, instance:com.qa.testcases.ShoppingCartPageTest@511baa65]" name="VerifyTitleAndPrice" duration-ms="137" started-at="2020-06-30T10:53:22Z" data-provider="search" finished-at="2020-06-30T10:53:22Z">
          <params>
            <param index="0">
              <value>
                <![CDATA[Computer]]>
              </value>
            </param>
          </params>
          <reporter-output>
          </reporter-output>
        </test-method> <!-- VerifyTitleAndPrice -->
      </class> <!-- com.qa.testcases.ShoppingCartPageTest -->
    </test> <!-- Tricentis Test Cases -->
  </suite> <!-- Tricentis Test Automation Test Suite -->
</testng-results>
