<?xml version="1.0" encoding="UTF-8"?>
<testng-results skipped="0" failed="0" total="1" passed="1">
  <reporter-output>
  </reporter-output>
  <suite name="Tricentis Test Automation Test Suite" duration-ms="36132" started-at="2020-07-01T05:36:03Z" finished-at="2020-07-01T05:36:39Z">
    <groups>
    </groups>
    <test name="Tricentis Test Cases" duration-ms="36132" started-at="2020-07-01T05:36:03Z" finished-at="2020-07-01T05:36:39Z">
      <class name="com.qa.testcases.ShoppingCartPageTest">
        <test-method status="PASS" signature="setUp()[pri:0, instance:com.qa.testcases.ShoppingCartPageTest@39fb3ab6]" name="setUp" is-config="true" duration-ms="20637" started-at="2020-07-01T11:06:03Z" finished-at="2020-07-01T11:06:24Z">
          <reporter-output>
          </reporter-output>
        </test-method> <!-- setUp -->
        <test-method status="PASS" signature="VerifyTitleAndPrice()[pri:0, instance:com.qa.testcases.ShoppingCartPageTest@39fb3ab6]" name="VerifyTitleAndPrice" duration-ms="14845" started-at="2020-07-01T11:06:24Z" finished-at="2020-07-01T11:06:38Z">
          <reporter-output>
          </reporter-output>
        </test-method> <!-- VerifyTitleAndPrice -->
        <test-method status="PASS" signature="tearDown()[pri:0, instance:com.qa.testcases.ShoppingCartPageTest@39fb3ab6]" name="tearDown" is-config="true" duration-ms="637" started-at="2020-07-01T11:06:38Z" finished-at="2020-07-01T11:06:39Z">
          <reporter-output>
          </reporter-output>
        </test-method> <!-- tearDown -->
      </class> <!-- com.qa.testcases.ShoppingCartPageTest -->
    </test> <!-- Tricentis Test Cases -->
  </suite> <!-- Tricentis Test Automation Test Suite -->
</testng-results>
